\BOOKMARK [0][-]{cover.0}{\376\377\134\001\227\142}{}% 1
\BOOKMARK [0][-]{bittoc.0}{\376\377\166\356\137\125}{}% 2
\BOOKMARK [-1][-]{part.1}{\376\377\173\054\116\000\220\350\122\006\000\040\000L\000a\000T\000e\000X\213\355\154\325}{}% 3
\BOOKMARK [0][-]{chapter.1}{\376\377\173\054\116\000\172\340\000\040\000\040\127\372\147\054\213\355\154\325}{part.1}% 4
\BOOKMARK [1][-]{section.1.1}{\376\377\0001\000.\0001\000\040\172\340\202\202}{chapter.1}% 5
\BOOKMARK [1][-]{section.1.2}{\376\377\0001\000.\0002\000\040\116\244\123\311\137\025\165\050}{chapter.1}% 6
\BOOKMARK [1][-]{section.1.3}{\376\377\0001\000.\0003\000\040\145\340\136\217\122\027\210\150}{chapter.1}% 7
\BOOKMARK [1][-]{section.1.4}{\376\377\0001\000.\0004\000\040\147\011\136\217\122\027\210\150}{chapter.1}% 8
\BOOKMARK [1][-]{section.1.5}{\376\377\0001\000.\0005\000\040\201\032\154\350}{chapter.1}% 9
\BOOKMARK [1][-]{section.1.6}{\376\377\0001\000.\0006\000\040\126\376\162\107}{chapter.1}% 10
\BOOKMARK [1][-]{section.1.7}{\376\377\0001\000.\0007\000\040\121\154\137\017}{chapter.1}% 11
\BOOKMARK [1][-]{section.1.8}{\376\377\0001\000.\0008\000\040\116\343\170\001}{chapter.1}% 12
\BOOKMARK [1][-]{section.1.9}{\376\377\0001\000.\0009\000\040\210\150\150\074}{chapter.1}% 13
\BOOKMARK [1][-]{section.1.10}{\376\377\0001\000.\0001\0000\000\040\145\207\163\056\137\025\165\050}{chapter.1}% 14
\BOOKMARK [0][-]{chapter.2}{\376\377\173\054\116\214\172\340\000\040\000\040\232\330\176\247\213\355\154\325}{part.1}% 15
\BOOKMARK [1][-]{section.2.1}{\376\377\0002\000.\0001\000\040\150\106\121\205\145\207\133\127}{chapter.2}% 16
\BOOKMARK [1][-]{section.2.2}{\376\377\0002\000.\0002\000\040\200\314\146\157\230\234\202\162\145\207\133\127}{chapter.2}% 17
\BOOKMARK [1][-]{section.2.3}{\376\377\0002\000.\0003\000\040\117\052\116\343\170\001}{chapter.2}% 18
\BOOKMARK [1][-]{section.2.4}{\376\377\0002\000.\0004\000\040\124\010\136\166\123\125\121\103\150\074}{chapter.2}% 19
\BOOKMARK [1][-]{section.2.5}{\376\377\0002\000.\0005\000\040\136\166\143\222\133\120\126\376}{chapter.2}% 20
\BOOKMARK [0][-]{chapter*.6}{\376\377\123\302\200\003\145\207\163\056}{part.1}% 21
